<?xml version="1.0" encoding="UTF-8"?>
<testng-results skipped="0" failed="0" ignored="0" total="1" passed="1">
  <reporter-output>
  </reporter-output>
  <suite name="Default suite" duration-ms="6192" started-at="2020-11-07T16:10:20 CST" finished-at="2020-11-07T16:10:26 CST">
    <groups>
    </groups>
    <test name="Default test" duration-ms="6192" started-at="2020-11-07T16:10:20 CST" finished-at="2020-11-07T16:10:26 CST">
      <class name="Aaa.Checkboxes">
        <test-method status="PASS" signature="launch()[pri:0, instance:Aaa.Checkboxes@1f554b06]" name="launch" is-config="true" duration-ms="5899" started-at="2020-11-07T16:10:20 CST" finished-at="2020-11-07T16:10:26 CST">
          <reporter-output>
          </reporter-output>
        </test-method> <!-- launch -->
        <test-method status="PASS" signature="Check_Box_element()[pri:0, instance:Aaa.Checkboxes@1f554b06]" name="Check_Box_element" duration-ms="258" started-at="2020-11-07T16:10:26 CST" finished-at="2020-11-07T16:10:26 CST">
          <reporter-output>
          </reporter-output>
        </test-method> <!-- Check_Box_element -->
      </class> <!-- Aaa.Checkboxes -->
    </test> <!-- Default test -->
  </suite> <!-- Default suite -->
</testng-results>
